<?xml version="1.0" encoding="UTF-8"?>
<testng-results ignored="0" total="1" passed="1" failed="0" skipped="0">
  <reporter-output>
  </reporter-output>
  <suite started-at="2021-11-30T17:54:56 IST" name="Surefire suite" finished-at="2021-11-30T17:55:18 IST" duration-ms="21899">
    <groups>
    </groups>
    <test started-at="2021-11-30T17:54:56 IST" name="Surefire test" finished-at="2021-11-30T17:55:18 IST" duration-ms="21899">
      <class name="com.herokuapp.theinternet.LoginTest">
        <test-method signature="loginTest()[pri:0, instance:com.herokuapp.theinternet.LoginTest@229f66ed]" started-at="2021-11-30T17:54:56 IST" name="loginTest" finished-at="2021-11-30T17:55:18 IST" duration-ms="21867" status="PASS">
          <reporter-output>
          </reporter-output>
        </test-method> <!-- loginTest -->
      </class> <!-- com.herokuapp.theinternet.LoginTest -->
    </test> <!-- Surefire test -->
  </suite> <!-- Surefire suite -->
</testng-results>
